[2022-10-22 12:34:52] [ DEBUG] [CategoryService:28] Searching all categories...
[2022-10-22 12:38:37] [ DEBUG] [CategoryService:45] Creating new category...
[2022-10-22 12:38:37] [ INFO ] [CategoryService:46] The category was created successfully.
[2022-10-22 13:41:41] [ DEBUG] [CategoryService:45] Creating new category...
[2022-10-22 13:41:41] [ INFO ] [CategoryService:46] The category was created successfully.
[2022-10-22 13:41:57] [ DEBUG] [CategoryService:28] Searching all categories...
[2022-10-22 13:42:14] [ DEBUG] [CategoryService:34] Searching category with id: 1
[2022-10-22 13:43:37] [ DEBUG] [CategoryService:45] Creating new category...
[2022-10-22 13:43:37] [ INFO ] [CategoryService:46] The category was created successfully.
[2022-10-22 13:44:14] [ DEBUG] [CategoryService:66] Deleting category...
[2022-10-22 13:44:20] [ DEBUG] [CategoryService:66] Deleting category...
[2022-10-22 13:44:23] [ DEBUG] [CategoryService:28] Searching all categories...
[2022-10-22 19:35:49] [ DEBUG] [CategoryService:45] Creating new category...
[2022-10-22 19:35:49] [ INFO ] [CategoryService:46] The category was created successfully.
[2022-10-22 19:35:57] [ DEBUG] [CategoryService:28] Searching all categories...
[2022-10-22 19:36:03] [ DEBUG] [CategoryService:34] Searching category with id: 1
[2022-10-22 19:37:21] [ DEBUG] [CategoryService:28] Searching all categories...
[2022-10-22 19:38:36] [ DEBUG] [CategoryService:34] Searching category with id: 1
[2022-10-22 19:45:27] [ DEBUG] [CategoryService:45] Creating new category...
[2022-10-22 19:45:27] [ INFO ] [CategoryService:46] The category was created successfully.
[2022-10-22 19:50:21] [ DEBUG] [CategoryService:45] Creating new category...
[2022-10-22 19:50:21] [ INFO ] [CategoryService:46] The category was created successfully.
[2022-10-22 20:04:30] [ DEBUG] [CategoryService:45] Creating new category...
[2022-10-22 20:04:30] [ INFO ] [CategoryService:46] The category was created successfully.
[2022-10-22 20:04:38] [ DEBUG] [CategoryService:28] Searching all categories...
[2022-10-22 20:04:58] [ DEBUG] [CategoryService:71] Deleting category...
[2022-10-22 20:05:06] [ DEBUG] [CategoryService:34] Searching category with id: 1
[2022-10-22 20:06:07] [ DEBUG] [CategoryService:28] Searching all categories...
[2022-10-22 20:09:35] [ DEBUG] [CategoryService:45] Creating new category...
[2022-10-22 20:09:35] [ INFO ] [CategoryService:46] The category was created successfully.
[2022-10-22 20:09:41] [ DEBUG] [CategoryService:34] Searching category with id: 1
[2022-10-22 20:09:46] [ DEBUG] [CategoryService:28] Searching all categories...
[2022-10-22 20:10:37] [ DEBUG] [CategoryService:57] Updating category...
[2022-10-22 20:10:37] [ INFO ] [CategoryService:63] The category was updated successfully.
