[2022-10-25 20:54:28] [ DEBUG] [CategoryService:57] Creating new category...
[2022-10-25 21:03:23] [ DEBUG] [CategoryService:57] Creating new category...
[2022-10-25 21:03:24] [ INFO ] [CategoryService:60] The category was created successfully.
[2022-10-25 21:03:24] [ DEBUG] [CategoryService:45] Searching category with id: 1
[2022-10-25 21:15:24] [ DEBUG] [CategoryService:57] Creating new category...
[2022-10-25 21:15:25] [ INFO ] [CategoryService:60] The category was created successfully.
[2022-10-25 21:15:25] [ DEBUG] [CategoryService:45] Searching category with id: 1
[2022-10-25 21:17:17] [ DEBUG] [CategoryService:45] Searching category with id: 1
[2022-10-25 21:18:28] [ DEBUG] [CategoryService:45] Searching category with id: 1
[2022-10-25 21:26:03] [ DEBUG] [CategoryService:32] Searching all categories...
[2022-10-25 21:26:03] [ INFO ] [CategoryService:39] Listing all categories...
[2022-10-25 21:36:38] [ DEBUG] [CategoryService:71] Updating category...
[2022-10-25 21:36:39] [ INFO ] [CategoryService:77] The category was updated successfully.
[2022-10-25 21:53:03] [ DEBUG] [CategoryService:85] Deleting category...
[2022-10-25 21:53:04] [ DEBUG] [CategoryService:45] Searching category with id: 1
[2022-10-30 18:53:02] [ DEBUG] [CategoryService:32] Searching all categories...
[2022-10-30 18:53:02] [ INFO ] [CategoryService:39] Listing all categories...
[2022-10-30 18:53:38] [ DEBUG] [CategoryService:45] Searching category with id: 1
[2022-10-30 18:54:21] [ DEBUG] [CategoryService:57] Creating new category...
[2022-10-30 18:54:23] [ INFO ] [CategoryService:60] The category was created successfully.
[2022-10-30 18:54:23] [ DEBUG] [CategoryService:45] Searching category with id: 1
